This is XeTeX, Version 3.141592653-2.6-0.999995 (TeX Live 2023) (preloaded format=xelatex 2023.7.15)  29 JUL 2023 10:58
entering extended mode
 restricted \write18 enabled.
 file:line:error style messages enabled.
 %&-line parsing enabled.
**e:/markdown/滤波/template_Article.tex
(e:/markdown/滤波/template_Article.tex
LaTeX2e <2022-11-01> patch level 1
L3 programming layer <2023-02-22> (f:/texlive/2023/texmf-dist/tex/latex/ctex/ctexart.cls (f:/texlive/2023/texmf-dist/tex/latex/ctex/config/ctexbackend.cfg
File: ctexbackend.cfg 2022/07/14 v2.5.10 Backend configuration file (CTEX)
) (f:/texlive/2023/texmf-dist/tex/latex/l3kernel/expl3.sty
Package: expl3 2023-02-22 L3 programming layer (loader) 
 (f:/texlive/2023/texmf-dist/tex/latex/l3backend/l3backend-xetex.def
File: l3backend-xetex.def 2023-01-16 L3 backend support: XeTeX
\g__graphics_track_int=\count181
\l__pdf_internal_box=\box51
\g__pdf_backend_object_int=\count182
\g__pdf_backend_annotation_int=\count183
\g__pdf_backend_link_int=\count184
))
Document Class: ctexart 2022/07/14 v2.5.10 Chinese adapter for class article (CTEX)
(f:/texlive/2023/texmf-dist/tex/latex/ctex/ctexhook.sty
Package: ctexhook 2022/07/14 v2.5.10 Document and package hooks (CTEX)
) (f:/texlive/2023/texmf-dist/tex/latex/ctex/ctexpatch.sty
Package: ctexpatch 2022/07/14 v2.5.10 Patching commands (CTEX)
) (f:/texlive/2023/texmf-dist/tex/latex/base/fix-cm.sty
Package: fix-cm 2020/11/24 v1.1t fixes to LaTeX
 (f:/texlive/2023/texmf-dist/tex/latex/base/ts1enc.def
File: ts1enc.def 2001/06/05 v3.0e (jk/car/fm) Standard LaTeX file
LaTeX Font Info:    Redeclaring font encoding TS1 on input line 47.
))
\l__ctex_tmp_int=\count185
\l__ctex_tmp_box=\box52
\l__ctex_tmp_dim=\dimen140
\g__ctex_section_depth_int=\count186
\g__ctex_font_size_int=\count187
 (f:/texlive/2023/texmf-dist/tex/latex/ctex/config/ctexopts.cfg
File: ctexopts.cfg 2022/07/14 v2.5.10 Option configuration file (CTEX)
) (f:/texlive/2023/texmf-dist/tex/latex/base/article.cls
Document Class: article 2022/07/02 v1.4n Standard LaTeX document class
(f:/texlive/2023/texmf-dist/tex/latex/base/size12.clo
File: size12.clo 2022/07/02 v1.4n Standard LaTeX file (size option)
)
\c@part=\count188
\c@section=\count189
\c@subsection=\count190
\c@subsubsection=\count191
\c@paragraph=\count192
\c@subparagraph=\count193
\c@figure=\count194
\c@table=\count195
\abovecaptionskip=\skip48
\belowcaptionskip=\skip49
\bibindent=\dimen141
) (f:/texlive/2023/texmf-dist/tex/latex/ctex/engine/ctex-engine-xetex.def
File: ctex-engine-xetex.def 2022/07/14 v2.5.10 XeLaTeX adapter (CTEX)
 (f:/texlive/2023/texmf-dist/tex/xelatex/xecjk/xeCJK.sty
Package: xeCJK 2022/08/05 v3.9.1 Typesetting CJK scripts with XeLaTeX
 (f:/texlive/2023/texmf-dist/tex/latex/l3packages/xtemplate/xtemplate.sty
Package: xtemplate 2023-02-02 L3 Experimental prototype document functions
\l__xtemplate_tmp_dim=\dimen142
\l__xtemplate_tmp_int=\count196
\l__xtemplate_tmp_muskip=\muskip16
\l__xtemplate_tmp_skip=\skip50
)
\l__xeCJK_tmp_int=\count197
\l__xeCJK_tmp_box=\box53
\l__xeCJK_tmp_dim=\dimen143
\l__xeCJK_tmp_skip=\skip51
\g__xeCJK_space_factor_int=\count198
\l__xeCJK_begin_int=\count199
\l__xeCJK_end_int=\count266
\c__xeCJK_CJK_class_int=\XeTeXcharclass1
\c__xeCJK_FullLeft_class_int=\XeTeXcharclass2
\c__xeCJK_FullRight_class_int=\XeTeXcharclass3
\c__xeCJK_HalfLeft_class_int=\XeTeXcharclass4
\c__xeCJK_HalfRight_class_int=\XeTeXcharclass5
\c__xeCJK_NormalSpace_class_int=\XeTeXcharclass6
\c__xeCJK_CM_class_int=\XeTeXcharclass7
\c__xeCJK_HangulJamo_class_int=\XeTeXcharclass8
\l__xeCJK_last_skip=\skip52
\c__xeCJK_none_node=\count267
\g__xeCJK_node_int=\count268
\c__xeCJK_CJK_node_dim=\dimen144
\c__xeCJK_CJK-space_node_dim=\dimen145
\c__xeCJK_default_node_dim=\dimen146
\c__xeCJK_CJK-widow_node_dim=\dimen147
\c__xeCJK_normalspace_node_dim=\dimen148
\c__xeCJK_default-space_node_skip=\skip53
\l__xeCJK_ccglue_skip=\skip54
\l__xeCJK_ecglue_skip=\skip55
\l__xeCJK_punct_kern_skip=\skip56
\l__xeCJK_indent_box=\box54
\l__xeCJK_last_penalty_int=\count269
\l__xeCJK_last_bound_dim=\dimen149
\l__xeCJK_last_kern_dim=\dimen150
\l__xeCJK_widow_penalty_int=\count270

Package xtemplate Info: Declaring object type 'xeCJK/punctuation' taking 0
(xtemplate)             argument(s) on line 2396.

\l__xeCJK_fixed_punct_width_dim=\dimen151
\l__xeCJK_mixed_punct_width_dim=\dimen152
\l__xeCJK_middle_punct_width_dim=\dimen153
\l__xeCJK_fixed_margin_width_dim=\dimen154
\l__xeCJK_mixed_margin_width_dim=\dimen155
\l__xeCJK_middle_margin_width_dim=\dimen156
\l__xeCJK_bound_punct_width_dim=\dimen157
\l__xeCJK_bound_margin_width_dim=\dimen158
\l__xeCJK_margin_minimum_dim=\dimen159
\l__xeCJK_kerning_total_width_dim=\dimen160
\l__xeCJK_same_align_margin_dim=\dimen161
\l__xeCJK_different_align_margin_dim=\dimen162
\l__xeCJK_kerning_margin_width_dim=\dimen163
\l__xeCJK_kerning_margin_minimum_dim=\dimen164
\l__xeCJK_bound_dim=\dimen165
\l__xeCJK_reverse_bound_dim=\dimen166
\l__xeCJK_margin_dim=\dimen167
\l__xeCJK_minimum_bound_dim=\dimen168
\l__xeCJK_kerning_margin_dim=\dimen169
\g__xeCJK_family_int=\count271
\l__xeCJK_fam_int=\count272
\g__xeCJK_fam_allocation_int=\count273
\l__xeCJK_verb_case_int=\count274
\l__xeCJK_verb_exspace_skip=\skip57
 (f:/texlive/2023/texmf-dist/tex/latex/fontspec/fontspec.sty (f:/texlive/2023/texmf-dist/tex/latex/l3packages/xparse/xparse.sty
Package: xparse 2023-02-02 L3 Experimental document command parser
)
Package: fontspec 2022/01/15 v2.8a Font selection for XeLaTeX and LuaLaTeX
 (f:/texlive/2023/texmf-dist/tex/latex/fontspec/fontspec-xetex.sty
Package: fontspec-xetex 2022/01/15 v2.8a Font selection for XeLaTeX and LuaLaTeX
\l__fontspec_script_int=\count275
\l__fontspec_language_int=\count276
\l__fontspec_strnum_int=\count277
\l__fontspec_tmp_int=\count278
\l__fontspec_tmpa_int=\count279
\l__fontspec_tmpb_int=\count280
\l__fontspec_tmpc_int=\count281
\l__fontspec_em_int=\count282
\l__fontspec_emdef_int=\count283
\l__fontspec_strong_int=\count284
\l__fontspec_strongdef_int=\count285
\l__fontspec_tmpa_dim=\dimen170
\l__fontspec_tmpb_dim=\dimen171
\l__fontspec_tmpc_dim=\dimen172
 (f:/texlive/2023/texmf-dist/tex/latex/base/fontenc.sty
Package: fontenc 2021/04/29 v2.0v Standard LaTeX package
) (f:/texlive/2023/texmf-dist/tex/latex/fontspec/fontspec.cfg))) (f:/texlive/2023/texmf-dist/tex/xelatex/xecjk/xeCJK.cfg
File: xeCJK.cfg 2022/08/05 v3.9.1 Configuration file for xeCJK package
))
\ccwd=\dimen173
\l__ctex_ccglue_skip=\skip58
)
\l__ctex_ziju_dim=\dimen174
 (f:/texlive/2023/texmf-dist/tex/latex/zhnumber/zhnumber.sty
Package: zhnumber 2022/07/14 v3.0 Typesetting numbers with Chinese glyphs
\l__zhnum_scale_int=\count286
\l__zhnum_tmp_int=\count287
 (f:/texlive/2023/texmf-dist/tex/latex/zhnumber/zhnumber-utf8.cfg
File: zhnumber-utf8.cfg 2022/07/14 v3.0 Chinese numerals with UTF8 encoding
))
\l__ctex_heading_skip=\skip59
 (f:/texlive/2023/texmf-dist/tex/latex/ctex/scheme/ctex-scheme-chinese-article.def
File: ctex-scheme-chinese-article.def 2022/07/14 v2.5.10 Chinese scheme for article (CTEX)
 (f:/texlive/2023/texmf-dist/tex/latex/ctex/config/ctex-name-utf8.cfg
File: ctex-name-utf8.cfg 2022/07/14 v2.5.10 Caption with encoding UTF-8 (CTEX)
)) (f:/texlive/2023/texmf-dist/tex/latex/ctex/fontset/ctex-fontset-windows.def
File: ctex-fontset-windows.def 2022/07/14 v2.5.10 Windows fonts definition (CTEX)

Package fontspec Info: Could not resolve font "KaiTi/B" (it probably doesn't
(fontspec)             exist).


Package fontspec Info: Could not resolve font "SimHei/I" (it probably doesn't
(fontspec)             exist).


Package fontspec Info: Could not resolve font "SimSun/BI" (it probably doesn't
(fontspec)             exist).


Package fontspec Info: Font family 'SimSun(0)' created for font 'SimSun' with
(fontspec)             options
(fontspec)             [Script={CJK},BoldFont={SimHei},ItalicFont={KaiTi}].
(fontspec)              
(fontspec)              This font family consists of the following NFSS
(fontspec)             series/shapes:
(fontspec)              
(fontspec)             - 'normal' (m/n) with NFSS spec.:
(fontspec)             <->"SimSun/OT:script=hani;language=dflt;"
(fontspec)             - 'small caps'  (m/sc) with NFSS spec.: 
(fontspec)             - 'bold' (b/n) with NFSS spec.:
(fontspec)             <->"SimHei/OT:script=hani;language=dflt;"
(fontspec)             - 'bold small caps'  (b/sc) with NFSS spec.: 
(fontspec)             - 'italic' (m/it) with NFSS spec.:
(fontspec)             <->"KaiTi/OT:script=hani;language=dflt;"
(fontspec)             - 'italic small caps'  (m/scit) with NFSS spec.: 

)) (f:/texlive/2023/texmf-dist/tex/latex/ctex/config/ctex.cfg
File: ctex.cfg 2022/07/14 v2.5.10 Configuration file (CTEX)
) (f:/texlive/2023/texmf-dist/tex/latex/subfigure/subfigure.sty
Package: subfigure 2002/03/15 v2.1.5 subfigure package
\subfigtopskip=\skip60
\subfigcapskip=\skip61
\subfigcaptopadj=\dimen175
\subfigbottomskip=\skip62
\subfigcapmargin=\dimen176
\subfiglabelskip=\skip63
\c@subfigure=\count288
\c@lofdepth=\count289
\c@subtable=\count290
\c@lotdepth=\count291

****************************************
* Local config file subfigure.cfg used *
****************************************
(f:/texlive/2023/texmf-dist/tex/latex/subfigure/subfigure.cfg)
\subfig@top=\skip64
\subfig@bottom=\skip65
) (f:/texlive/2023/texmf-dist/tex/latex/realboxes/realboxes.sty
Package: realboxes 2011/08/08 v0.2 Change box commands to read there content as real boxes
 (f:/texlive/2023/texmf-dist/tex/latex/collectbox/collectbox.sty
Package: collectbox 2022/10/17 v0.4c Collect macro arguments as boxes
\collectedbox=\box55
) (f:/texlive/2023/texmf-dist/tex/latex/adjustbox/adjcalc.sty
Package: adjcalc 2012/05/16 v1.1 Provides advanced setlength with multiple back-ends (calc, etex, pgfmath)
 (f:/texlive/2023/texmf-dist/tex/latex/xkeyval/xkeyval.sty
Package: xkeyval 2022/06/16 v2.9 package option processing (HA)
 (f:/texlive/2023/texmf-dist/tex/generic/xkeyval/xkeyval.tex (f:/texlive/2023/texmf-dist/tex/generic/xkeyval/xkvutils.tex
\XKV@toks=\toks16
\XKV@tempa@toks=\toks17
 (f:/texlive/2023/texmf-dist/tex/generic/xkeyval/keyval.tex))
\XKV@depth=\count292
File: xkeyval.tex 2014/12/03 v2.7a key=value parser (HA)
))) (f:/texlive/2023/texmf-dist/tex/latex/graphics/graphicx.sty
Package: graphicx 2021/09/16 v1.2d Enhanced LaTeX Graphics (DPC,SPQR)
 (f:/texlive/2023/texmf-dist/tex/latex/graphics/graphics.sty
Package: graphics 2022/03/10 v1.4e Standard LaTeX Graphics (DPC,SPQR)
 (f:/texlive/2023/texmf-dist/tex/latex/graphics/trig.sty
Package: trig 2021/08/11 v1.11 sin cos tan (DPC)
) (f:/texlive/2023/texmf-dist/tex/latex/graphics-cfg/graphics.cfg
File: graphics.cfg 2016/06/04 v1.11 sample graphics configuration
)
Package graphics Info: Driver file: xetex.def on input line 107.
 (f:/texlive/2023/texmf-dist/tex/latex/graphics-def/xetex.def
File: xetex.def 2022/09/22 v5.0n Graphics/color driver for xetex
))
\Gin@req@height=\dimen177
\Gin@req@width=\dimen178
)) (f:/texlive/2023/texmf-dist/tex/latex/listings/listings.sty
\lst@mode=\count293
\lst@gtempboxa=\box56
\lst@token=\toks18
\lst@length=\count294
\lst@currlwidth=\dimen179
\lst@column=\count295
\lst@pos=\count296
\lst@lostspace=\dimen180
\lst@width=\dimen181
\lst@newlines=\count297
\lst@lineno=\count298
\lst@maxwidth=\dimen182
 (f:/texlive/2023/texmf-dist/tex/latex/listings/lstmisc.sty
File: lstmisc.sty 2023/02/27 1.9 (Carsten Heinz)
\c@lstnumber=\count299
\lst@skipnumbers=\count300
\lst@framebox=\box57
) (f:/texlive/2023/texmf-dist/tex/latex/listings/listings.cfg
File: listings.cfg 2023/02/27 1.9 listings configuration
))
Package: listings 2023/02/27 1.9 (Carsten Heinz)
 (f:/texlive/2023/texmf-dist/tex/xelatex/xecjk/xeCJK-listings.sty
Package: xeCJK-listings 2022/08/05 v3.9.1 xeCJK patch file for listings
\l__xeCJK_listings_max_char_int=\count301
\l__xeCJK_listings_flag_int=\count302
) (f:/texlive/2023/texmf-dist/tex/latex/xcolor/xcolor.sty
Package: xcolor 2022/06/12 v2.14 LaTeX color extensions (UK)
 (f:/texlive/2023/texmf-dist/tex/latex/graphics-cfg/color.cfg
File: color.cfg 2016/01/02 v1.6 sample color configuration
)
Package xcolor Info: Driver file: xetex.def on input line 227.
 (f:/texlive/2023/texmf-dist/tex/latex/graphics/mathcolor.ltx)
Package xcolor Info: Model `cmy' substituted by `cmy0' on input line 1353.
Package xcolor Info: Model `RGB' extended on input line 1369.
Package xcolor Info: Model `HTML' substituted by `rgb' on input line 1371.
Package xcolor Info: Model `Hsb' substituted by `hsb' on input line 1372.
Package xcolor Info: Model `tHsb' substituted by `hsb' on input line 1373.
Package xcolor Info: Model `HSB' substituted by `hsb' on input line 1374.
Package xcolor Info: Model `Gray' substituted by `gray' on input line 1375.
Package xcolor Info: Model `wave' substituted by `hsb' on input line 1376.
) (f:/texlive/2023/texmf-dist/tex/latex/amsmath/amsmath.sty
Package: amsmath 2022/04/08 v2.17n AMS math features
\@mathmargin=\skip66

For additional information on amsmath, use the `?' option.
(f:/texlive/2023/texmf-dist/tex/latex/amsmath/amstext.sty
Package: amstext 2021/08/26 v2.01 AMS text
 (f:/texlive/2023/texmf-dist/tex/latex/amsmath/amsgen.sty
File: amsgen.sty 1999/11/30 v2.0 generic functions
\@emptytoks=\toks19
\ex@=\dimen183
)) (f:/texlive/2023/texmf-dist/tex/latex/amsmath/amsbsy.sty
Package: amsbsy 1999/11/29 v1.2d Bold Symbols
\pmbraise@=\dimen184
) (f:/texlive/2023/texmf-dist/tex/latex/amsmath/amsopn.sty
Package: amsopn 2022/04/08 v2.04 operator names
)
\inf@bad=\count303
LaTeX Info: Redefining \frac on input line 234.
\uproot@=\count304
\leftroot@=\count305
LaTeX Info: Redefining \overline on input line 399.
LaTeX Info: Redefining \colon on input line 410.
\classnum@=\count306
\DOTSCASE@=\count307
LaTeX Info: Redefining \ldots on input line 496.
LaTeX Info: Redefining \dots on input line 499.
LaTeX Info: Redefining \cdots on input line 620.
\Mathstrutbox@=\box58
\strutbox@=\box59
LaTeX Info: Redefining \big on input line 722.
LaTeX Info: Redefining \Big on input line 723.
LaTeX Info: Redefining \bigg on input line 724.
LaTeX Info: Redefining \Bigg on input line 725.
\big@size=\dimen185
LaTeX Font Info:    Redeclaring font encoding OML on input line 743.
LaTeX Font Info:    Redeclaring font encoding OMS on input line 744.
\macc@depth=\count308
LaTeX Info: Redefining \bmod on input line 905.
LaTeX Info: Redefining \pmod on input line 910.
LaTeX Info: Redefining \smash on input line 940.
LaTeX Info: Redefining \relbar on input line 970.
LaTeX Info: Redefining \Relbar on input line 971.
\c@MaxMatrixCols=\count309
\dotsspace@=\muskip17
\c@parentequation=\count310
\dspbrk@lvl=\count311
\tag@help=\toks20
\row@=\count312
\column@=\count313
\maxfields@=\count314
\andhelp@=\toks21
\eqnshift@=\dimen186
\alignsep@=\dimen187
\tagshift@=\dimen188
\tagwidth@=\dimen189
\totwidth@=\dimen190
\lineht@=\dimen191
\@envbody=\toks22
\multlinegap=\skip67
\multlinetaggap=\skip68
\mathdisplay@stack=\toks23
LaTeX Info: Redefining \[ on input line 2953.
LaTeX Info: Redefining \] on input line 2954.
) (f:/texlive/2023/texmf-dist/tex/latex/lm/lmodern.sty
Package: lmodern 2015/05/01 v1.6.1 Latin Modern Fonts
LaTeX Font Info:    Overwriting symbol font `operators' in version `normal'
(Font)                  OT1/cmr/m/n --> OT1/lmr/m/n on input line 22.
LaTeX Font Info:    Overwriting symbol font `letters' in version `normal'
(Font)                  OML/cmm/m/it --> OML/lmm/m/it on input line 23.
LaTeX Font Info:    Overwriting symbol font `symbols' in version `normal'
(Font)                  OMS/cmsy/m/n --> OMS/lmsy/m/n on input line 24.
LaTeX Font Info:    Overwriting symbol font `largesymbols' in version `normal'
(Font)                  OMX/cmex/m/n --> OMX/lmex/m/n on input line 25.
LaTeX Font Info:    Overwriting symbol font `operators' in version `bold'
(Font)                  OT1/cmr/bx/n --> OT1/lmr/bx/n on input line 26.
LaTeX Font Info:    Overwriting symbol font `letters' in version `bold'
(Font)                  OML/cmm/b/it --> OML/lmm/b/it on input line 27.
LaTeX Font Info:    Overwriting symbol font `symbols' in version `bold'
(Font)                  OMS/cmsy/b/n --> OMS/lmsy/b/n on input line 28.
LaTeX Font Info:    Overwriting symbol font `largesymbols' in version `bold'
(Font)                  OMX/cmex/m/n --> OMX/lmex/m/n on input line 29.
LaTeX Font Info:    Overwriting math alphabet `\mathbf' in version `normal'
(Font)                  OT1/cmr/bx/n --> OT1/lmr/bx/n on input line 31.
LaTeX Font Info:    Overwriting math alphabet `\mathsf' in version `normal'
(Font)                  OT1/cmss/m/n --> OT1/lmss/m/n on input line 32.
LaTeX Font Info:    Overwriting math alphabet `\mathit' in version `normal'
(Font)                  OT1/cmr/m/it --> OT1/lmr/m/it on input line 33.
LaTeX Font Info:    Overwriting math alphabet `\mathtt' in version `normal'
(Font)                  OT1/cmtt/m/n --> OT1/lmtt/m/n on input line 34.
LaTeX Font Info:    Overwriting math alphabet `\mathbf' in version `bold'
(Font)                  OT1/cmr/bx/n --> OT1/lmr/bx/n on input line 35.
LaTeX Font Info:    Overwriting math alphabet `\mathsf' in version `bold'
(Font)                  OT1/cmss/bx/n --> OT1/lmss/bx/n on input line 36.
LaTeX Font Info:    Overwriting math alphabet `\mathit' in version `bold'
(Font)                  OT1/cmr/bx/it --> OT1/lmr/bx/it on input line 37.
LaTeX Font Info:    Overwriting math alphabet `\mathtt' in version `bold'
(Font)                  OT1/cmtt/m/n --> OT1/lmtt/m/n on input line 38.
) (f:/texlive/2023/texmf-dist/tex/latex/base/fontenc.sty
Package: fontenc 2021/04/29 v2.0v Standard LaTeX package
LaTeX Font Info:    Trying to load font information for T1+lmr on input line 112.
 (f:/texlive/2023/texmf-dist/tex/latex/lm/t1lmr.fd
File: t1lmr.fd 2015/05/01 v1.6.1 Font defs for Latin Modern
)) (f:/texlive/2023/texmf-dist/tex/latex/base/textcomp.sty
Package: textcomp 2020/02/02 v2.0n Standard LaTeX package
) (f:/texlive/2023/texmf-dist/tex/latex/hyperref/hyperref.sty
Package: hyperref 2023-02-07 v7.00v Hypertext links for LaTeX
 (f:/texlive/2023/texmf-dist/tex/generic/ltxcmds/ltxcmds.sty
Package: ltxcmds 2020-05-10 v1.25 LaTeX kernel commands for general use (HO)
) (f:/texlive/2023/texmf-dist/tex/generic/iftex/iftex.sty
Package: iftex 2022/02/03 v1.0f TeX engine tests
) (f:/texlive/2023/texmf-dist/tex/generic/pdftexcmds/pdftexcmds.sty
Package: pdftexcmds 2020-06-27 v0.33 Utility functions of pdfTeX for LuaTeX (HO)
 (f:/texlive/2023/texmf-dist/tex/generic/infwarerr/infwarerr.sty
Package: infwarerr 2019/12/03 v1.5 Providing info/warning/error messages (HO)
)
Package pdftexcmds Info: \pdf@primitive is available.
Package pdftexcmds Info: \pdf@ifprimitive is available.
Package pdftexcmds Info: \pdfdraftmode not found.
) (f:/texlive/2023/texmf-dist/tex/latex/kvsetkeys/kvsetkeys.sty
Package: kvsetkeys 2022-10-05 v1.19 Key value parser (HO)
) (f:/texlive/2023/texmf-dist/tex/generic/kvdefinekeys/kvdefinekeys.sty
Package: kvdefinekeys 2019-12-19 v1.6 Define keys (HO)
) (f:/texlive/2023/texmf-dist/tex/generic/pdfescape/pdfescape.sty
Package: pdfescape 2019/12/09 v1.15 Implements pdfTeX's escape features (HO)
) (f:/texlive/2023/texmf-dist/tex/latex/hycolor/hycolor.sty
Package: hycolor 2020-01-27 v1.10 Color options for hyperref/bookmark (HO)
) (f:/texlive/2023/texmf-dist/tex/latex/letltxmacro/letltxmacro.sty
Package: letltxmacro 2019/12/03 v1.6 Let assignment for LaTeX macros (HO)
) (f:/texlive/2023/texmf-dist/tex/latex/auxhook/auxhook.sty
Package: auxhook 2019-12-17 v1.6 Hooks for auxiliary files (HO)
) (f:/texlive/2023/texmf-dist/tex/latex/hyperref/nameref.sty
Package: nameref 2022-05-17 v2.50 Cross-referencing by name of section
 (f:/texlive/2023/texmf-dist/tex/latex/refcount/refcount.sty
Package: refcount 2019/12/15 v3.6 Data extraction from label references (HO)
) (f:/texlive/2023/texmf-dist/tex/generic/gettitlestring/gettitlestring.sty
Package: gettitlestring 2019/12/15 v1.6 Cleanup title references (HO)
 (f:/texlive/2023/texmf-dist/tex/latex/kvoptions/kvoptions.sty
Package: kvoptions 2022-06-15 v3.15 Key value format for package options (HO)
))
\c@section@level=\count315
)
\@linkdim=\dimen192
\Hy@linkcounter=\count316
\Hy@pagecounter=\count317
 (f:/texlive/2023/texmf-dist/tex/latex/hyperref/pd1enc.def
File: pd1enc.def 2023-02-07 v7.00v Hyperref: PDFDocEncoding definition (HO)
) (f:/texlive/2023/texmf-dist/tex/generic/intcalc/intcalc.sty
Package: intcalc 2019/12/15 v1.3 Expandable calculations with integers (HO)
) (f:/texlive/2023/texmf-dist/tex/generic/etexcmds/etexcmds.sty
Package: etexcmds 2019/12/15 v1.7 Avoid name clashes with e-TeX commands (HO)
)
\Hy@SavedSpaceFactor=\count318
 (f:/texlive/2023/texmf-dist/tex/latex/hyperref/puenc.def
File: puenc.def 2023-02-07 v7.00v Hyperref: PDF Unicode definition (HO)
)
Package hyperref Info: Option `unicode' set `true' on input line 4060.
Package hyperref Info: Hyper figures OFF on input line 4177.
Package hyperref Info: Link nesting OFF on input line 4182.
Package hyperref Info: Hyper index ON on input line 4185.
Package hyperref Info: Plain pages OFF on input line 4192.
Package hyperref Info: Backreferencing OFF on input line 4197.
Package hyperref Info: Implicit mode ON; LaTeX internals redefined.
Package hyperref Info: Bookmarks ON on input line 4425.
\c@Hy@tempcnt=\count319
 (f:/texlive/2023/texmf-dist/tex/latex/url/url.sty
\Urlmuskip=\muskip18
Package: url 2013/09/16  ver 3.4  Verb mode for urls, etc.
)
LaTeX Info: Redefining \url on input line 4763.
\XeTeXLinkMargin=\dimen193
 (f:/texlive/2023/texmf-dist/tex/generic/bitset/bitset.sty
Package: bitset 2019/12/09 v1.3 Handle bit-vector datatype (HO)
 (f:/texlive/2023/texmf-dist/tex/generic/bigintcalc/bigintcalc.sty
Package: bigintcalc 2019/12/15 v1.5 Expandable calculations on big integers (HO)
))
\Fld@menulength=\count320
\Field@Width=\dimen194
\Fld@charsize=\dimen195
Package hyperref Info: Hyper figures OFF on input line 6042.
Package hyperref Info: Link nesting OFF on input line 6047.
Package hyperref Info: Hyper index ON on input line 6050.
Package hyperref Info: backreferencing OFF on input line 6057.
Package hyperref Info: Link coloring OFF on input line 6062.
Package hyperref Info: Link coloring with OCG OFF on input line 6067.
Package hyperref Info: PDF/A mode OFF on input line 6072.
 (f:/texlive/2023/texmf-dist/tex/latex/base/atbegshi-ltx.sty
Package: atbegshi-ltx 2021/01/10 v1.0c Emulation of the original atbegshi
package with kernel methods
)
\Hy@abspage=\count321
\c@Item=\count322
\c@Hfootnote=\count323
)
Package hyperref Info: Driver (autodetected): hxetex.
 (f:/texlive/2023/texmf-dist/tex/latex/hyperref/hxetex.def
File: hxetex.def 2023-02-07 v7.00v Hyperref driver for XeTeX
 (f:/texlive/2023/texmf-dist/tex/generic/stringenc/stringenc.sty
Package: stringenc 2019/11/29 v1.12 Convert strings between diff. encodings (HO)
)
\pdfm@box=\box60
\c@Hy@AnnotLevel=\count324
\HyField@AnnotCount=\count325
\Fld@listcount=\count326
\c@bookmark@seq@number=\count327
 (f:/texlive/2023/texmf-dist/tex/latex/rerunfilecheck/rerunfilecheck.sty
Package: rerunfilecheck 2022-07-10 v1.10 Rerun checks for auxiliary files (HO)
 (f:/texlive/2023/texmf-dist/tex/latex/base/atveryend-ltx.sty
Package: atveryend-ltx 2020/08/19 v1.0a Emulation of the original atveryend package
with kernel methods
) (f:/texlive/2023/texmf-dist/tex/generic/uniquecounter/uniquecounter.sty
Package: uniquecounter 2019/12/15 v1.4 Provide unlimited unique counter (HO)
)
Package uniquecounter Info: New unique counter `rerunfilecheck' on input line 285.
)
\Hy@SectionHShift=\skip69
)
Package hyperref Info: Option `colorlinks' set `true' on input line 26.
Package hyperref Info: Option `breaklinks' set `true' on input line 26.
 (./template_Article.aux)
\openout1 = `template_Article.aux'.

LaTeX Font Info:    Checking defaults for OML/cmm/m/it on input line 55.
LaTeX Font Info:    ... okay on input line 55.
LaTeX Font Info:    Checking defaults for OMS/cmsy/m/n on input line 55.
LaTeX Font Info:    ... okay on input line 55.
LaTeX Font Info:    Checking defaults for OT1/cmr/m/n on input line 55.
LaTeX Font Info:    ... okay on input line 55.
LaTeX Font Info:    Checking defaults for T1/cmr/m/n on input line 55.
LaTeX Font Info:    ... okay on input line 55.
LaTeX Font Info:    Checking defaults for TS1/cmr/m/n on input line 55.
LaTeX Font Info:    ... okay on input line 55.
LaTeX Font Info:    Checking defaults for TU/lmr/m/n on input line 55.
LaTeX Font Info:    ... okay on input line 55.
LaTeX Font Info:    Checking defaults for OMX/cmex/m/n on input line 55.
LaTeX Font Info:    ... okay on input line 55.
LaTeX Font Info:    Checking defaults for U/cmr/m/n on input line 55.
LaTeX Font Info:    ... okay on input line 55.
LaTeX Font Info:    Checking defaults for PD1/pdf/m/n on input line 55.
LaTeX Font Info:    ... okay on input line 55.
LaTeX Font Info:    Checking defaults for PU/pdf/m/n on input line 55.
LaTeX Font Info:    ... okay on input line 55.
\c@lstlisting=\count328
Package hyperref Info: Link coloring ON on input line 55.
 (./template_Article.out) (./template_Article.out)
\@outlinefile=\write3
\openout3 = `template_Article.out'.

LaTeX Font Info:    Trying to load font information for OT1+lmr on input line 58.
 (f:/texlive/2023/texmf-dist/tex/latex/lm/ot1lmr.fd
File: ot1lmr.fd 2015/05/01 v1.6.1 Font defs for Latin Modern
)
LaTeX Font Info:    Trying to load font information for OML+lmm on input line 58.
 (f:/texlive/2023/texmf-dist/tex/latex/lm/omllmm.fd
File: omllmm.fd 2015/05/01 v1.6.1 Font defs for Latin Modern
)
LaTeX Font Info:    Trying to load font information for OMS+lmsy on input line 58.
 (f:/texlive/2023/texmf-dist/tex/latex/lm/omslmsy.fd
File: omslmsy.fd 2015/05/01 v1.6.1 Font defs for Latin Modern
)
LaTeX Font Info:    Trying to load font information for OMX+lmex on input line 58.
 (f:/texlive/2023/texmf-dist/tex/latex/lm/omxlmex.fd
File: omxlmex.fd 2015/05/01 v1.6.1 Font defs for Latin Modern
)
LaTeX Font Info:    External font `lmex10' loaded for size
(Font)              <14.4> on input line 58.
LaTeX Font Info:    External font `lmex10' loaded for size
(Font)              <10> on input line 58.
LaTeX Font Info:    External font `lmex10' loaded for size
(Font)              <7> on input line 58.
LaTeX Font Info:    External font `lmex10' loaded for size
(Font)              <12> on input line 64.
LaTeX Font Info:    External font `lmex10' loaded for size
(Font)              <8> on input line 64.
LaTeX Font Info:    External font `lmex10' loaded for size
(Font)              <6> on input line 64.

Package fontspec Info: Font family 'Consolas(0)' created for font 'Consolas'
(fontspec)             with options [].
(fontspec)              
(fontspec)              This font family consists of the following NFSS
(fontspec)             series/shapes:
(fontspec)              
(fontspec)             - 'normal' (m/n) with NFSS spec.:
(fontspec)             <->"Consolas/OT:script=latn;language=dflt;"
(fontspec)             - 'small caps'  (m/sc) with NFSS spec.: 
(fontspec)             - 'bold' (b/n) with NFSS spec.:
(fontspec)             <->"Consolas/B/OT:script=latn;language=dflt;"
(fontspec)             - 'bold small caps'  (b/sc) with NFSS spec.: 
(fontspec)             - 'italic' (m/it) with NFSS spec.:
(fontspec)             <->"Consolas/I/OT:script=latn;language=dflt;"
(fontspec)             - 'italic small caps'  (m/scit) with NFSS spec.: 
(fontspec)             - 'bold italic' (b/it) with NFSS spec.:
(fontspec)             <->"Consolas/BI/OT:script=latn;language=dflt;"
(fontspec)             - 'bold italic small caps'  (b/scit) with NFSS spec.: 

 [1

]
LaTeX Font Info:    Font shape `TU/SimSun(0)/m/sl' in size <12> not available
(Font)              Font shape `TU/SimSun(0)/m/it' tried instead on input line 108.
 [2] [3]
File: image/640.png Graphic file (type bmp)
<image/640.png>
 [4]
File: image/1.png Graphic file (type bmp)
<image/1.png>
 [5]
Overfull \hbox (5.2408pt too wide) in paragraph at lines 230--232
[][]\TU/SimSun(0)/b/n/12 二 维 离 散 型 随 机 变 量 的 联 合 概 率 质 量 函 数[] \TU/SimSun(0)/m/n/12 若 二 维 离 散 型 随 机 变 量 \T1/lmr/m/n/12 (X,Y)
 []

[6]
Overfull \hbox (34.87628pt too wide) in paragraph at lines 251--255
[][]\TU/SimSun(0)/b/n/12 二 维 连 续 型 随 机 变 量 的 联 合 概 率 密 度 函 数[] \TU/SimSun(0)/m/n/12 若 对 于 随 机 变 量 $\OT1/lmr/m/n/12 (\OML/lmm/m/it/12 X; Y\OT1/lmr/m/n/12 )\OML/lmm/m/it/12 ; \OMS/lmsy/m/n/12 9\OML/lmm/m/it/12 f[]\OT1/lmr/m/n/12 (\OML/lmm/m/it/12 x; y\OT1/lmr/m/n/12 )$
 []

[7]
Overfull \hbox (22.29294pt too wide) detected at line 269
[][][]\OML/lmm/m/it/12 f[]\OT1/lmr/m/n/12 (\OML/lmm/m/it/12 y\OT1/lmr/m/n/12 ) = [] \OML/lmm/m/it/12 f[]\OT1/lmr/m/n/12 (\OML/lmm/m/it/12 x[]; y\OT1/lmr/m/n/12 ) = [] \OML/lmm/m/it/12 P\OT1/lmr/m/n/12 (\OML/lmm/m/it/12 X \OT1/lmr/m/n/12 = \OML/lmm/m/it/12 x[]; Y \OT1/lmr/m/n/12 = \OML/lmm/m/it/12 y\OT1/lmr/m/n/12 ) = \OML/lmm/m/it/12 P\OT1/lmr/m/n/12 (\OML/lmm/m/it/12 Y \OT1/lmr/m/n/12 = \OML/lmm/m/it/12 y\OT1/lmr/m/n/12 )\OML/lmm/m/it/12 ; y \OMS/lmsy/m/n/12 2 []\OML/lmm/m/it/12 ; j \OT1/lmr/m/n/12 = 1\OML/lmm/m/it/12 ; \OT1/lmr/m/n/12 2\OML/lmm/m/it/12 ; \OT1/lmr/m/n/12 3\OML/lmm/m/it/12 ; []
 []


Overfull \hbox (58.66402pt too wide) detected at line 280
[][][][]
 []


Overfull \hbox (97.92pt too wide) detected at line 287
[][][]\OML/lmm/m/it/12 f[]\OT1/lmr/m/n/12 (\OML/lmm/m/it/12 x\OMS/lmsy/m/n/12 j\OML/lmm/m/it/12 y\OT1/lmr/m/n/12 ) = \OML/lmm/m/it/12 P\OT1/lmr/m/n/12 (\OML/lmm/m/it/12 X \OT1/lmr/m/n/12 = \OML/lmm/m/it/12 x\OMS/lmsy/m/n/12 j\OML/lmm/m/it/12 Y \OT1/lmr/m/n/12 = \OML/lmm/m/it/12 y\OT1/lmr/m/n/12 ) = [] = []\OML/lmm/m/it/12 ; \OT1/lmr/m/n/12 (\OML/lmm/m/it/12 x; y\OT1/lmr/m/n/12 ) \OMS/lmsy/m/n/12 2 f\OML/lmm/m/it/12 x[]; y[]\OMS/lmsy/m/n/12 g\OML/lmm/m/it/12 ; i; j \OT1/lmr/m/n/12 = 1\OML/lmm/m/it/12 ; \OT1/lmr/m/n/12 2\OML/lmm/m/it/12 ; \OT1/lmr/m/n/12 3\OML/lmm/m/it/12 ; []
 []

File: image/2.png Graphic file (type bmp)
<image/2.png>

LaTeX Warning: `h' float specifier changed to `ht'.

[8]
File: image/3.png Graphic file (type bmp)
<image/3.png>
 [9] [10]
File: image/4.png Graphic file (type bmp)
<image/4.png>
 [11] [12]
Missing character: There is no 状 ("72B6) in font rm-lmr12!
Missing character: There is no 态 ("6001) in font rm-lmr12!
Missing character: There is no 方 ("65B9) in font rm-lmr12!
Missing character: There is no 程 ("7A0B) in font rm-lmr12!
Missing character: There is no 观 ("89C2) in font rm-lmr12!
Missing character: There is no 测 ("6D4B) in font rm-lmr12!
Missing character: There is no 方 ("65B9) in font rm-lmr12!
Missing character: There is no 程 ("7A0B) in font rm-lmr12!

Overfull \hbox (27.07605pt too wide) in paragraph at lines 437--456
\T1/lmr/m/n/12 8. \TU/SimSun(0)/m/n/12 各 时 刻 的 状 态 量 随 机 变 量 先 验 概 率 密 度 函 数 $\OML/lmm/m/it/12 f[]\OT1/lmr/m/n/12 (\OML/lmm/m/it/12 x\OT1/lmr/m/n/12 )\OML/lmm/m/it/12 ; f[]\OT1/lmr/m/n/12 (\OML/lmm/m/it/12 x\OT1/lmr/m/n/12 )\OML/lmm/m/it/12 ; f[]\OT1/lmr/m/n/12 (\OML/lmm/m/it/12 x\OT1/lmr/m/n/12 )\OML/lmm/m/it/12 ; []  ; f[]\OT1/lmr/m/n/12 (\OML/lmm/m/it/12 x\OT1/lmr/m/n/12 )[] 
 []


Overfull \hbox (27.07605pt too wide) in paragraph at lines 437--456
\T1/lmr/m/n/12 9. \TU/SimSun(0)/m/n/12 各 时 刻 的 状 态 量 随 机 变 量 后 验 概 率 密 度 函 数 $\OML/lmm/m/it/12 f[]\OT1/lmr/m/n/12 (\OML/lmm/m/it/12 x\OT1/lmr/m/n/12 )\OML/lmm/m/it/12 ; f[]\OT1/lmr/m/n/12 (\OML/lmm/m/it/12 x\OT1/lmr/m/n/12 )\OML/lmm/m/it/12 ; f[]\OT1/lmr/m/n/12 (\OML/lmm/m/it/12 x\OT1/lmr/m/n/12 )\OML/lmm/m/it/12 ; []  ; f[]\OT1/lmr/m/n/12 (\OML/lmm/m/it/12 x\OT1/lmr/m/n/12 )[] 
 []

[13]
Underfull \hbox (badness 10000) in paragraph at lines 457--458

 []


Overfull \hbox (76.2056pt too wide) detected at line 470
[][][]\OML/lmm/m/it/12 P\OT1/lmr/m/n/12 (\OML/lmm/m/it/12 X \OT1/lmr/m/n/12 = 1 \OMS/lmsy/m/n/12 j \OML/lmm/m/it/12 Y \OT1/lmr/m/n/12 = 2\OML/lmm/m/it/12 ; Z \OT1/lmr/m/n/12 = 3) = \OML/lmm/m/it/12 P\OT1/lmr/m/n/12 (\OML/lmm/m/it/12 X \OT1/lmr/m/n/12 + \OML/lmm/m/it/12 Y \OT1/lmr/m/n/12 = 3 \OMS/lmsy/m/n/12 j \OML/lmm/m/it/12 Y \OT1/lmr/m/n/12 = 2\OML/lmm/m/it/12 ; Z \OT1/lmr/m/n/12 = 3) = \OML/lmm/m/it/12 P\OT1/lmr/m/n/12 (\OML/lmm/m/it/12 X \OT1/lmr/m/n/12 + \OML/lmm/m/it/12 Y \OT1/lmr/m/n/12 = 3 \OMS/lmsy/m/n/12 j \OML/lmm/m/it/12 Y \OT1/lmr/m/n/12 = 2\OML/lmm/m/it/12 ; Z \OMS/lmsy/m/n/12 ^^@ \OML/lmm/m/it/12 Y \OT1/lmr/m/n/12 = 1)
 []


Overfull \hbox (4.02516pt too wide) in paragraph at lines 472--474
[]\TU/SimSun(0)/m/n/12 预 测 步 推 导 已 知 \T1/lmr/m/n/12 0 \TU/SimSun(0)/m/n/12 时 刻 状 态 量 随 机 变 量 $\OML/lmm/m/it/12 X[]$ \TU/SimSun(0)/m/n/12 的 后 验 概 率 密 度 函 数 $\OML/lmm/m/it/12 f[]\OT1/lmr/m/n/12 (\OML/lmm/m/it/12 x\OT1/lmr/m/n/12 )$\TU/SimSun(0)/m/n/12 ，|
 []

Missing character: There is no 化 ("5316) in font rm-lmr12!
Missing character: There is no 连 ("8FDE) in font rm-lmr12!
Missing character: There is no 续 ("7EED) in font rm-lmr12!
Missing character: There is no 为 ("4E3A) in font rm-lmr12!
Missing character: There is no 离 ("79BB) in font rm-lmr12!
Missing character: There is no 散 ("6563) in font rm-lmr12!
Missing character: There is no 无 ("65E0) in font rm-lmr12!
Missing character: There is no 穷 ("7A77) in font rm-lmr12!
Missing character: There is no 小 ("5C0F) in font rm-lmr12!
Missing character: There is no 的 ("7684) in font rm-lmr12!
Missing character: There is no 累 ("7D2F) in font rm-lmr12!
Missing character: There is no 加 ("52A0) in font rm-lmr12!
Missing character: There is no 全 ("5168) in font rm-lmr12!
Missing character: There is no 概 ("6982) in font rm-lmr12!
Missing character: There is no 率 ("7387) in font rm-lmr12!
Missing character: There is no 公 ("516C) in font rm-lmr12!
Missing character: There is no 式 ("5F0F) in font rm-lmr12!
Missing character: There is no 条 ("6761) in font rm-lmr12!
Missing character: There is no 件 ("4EF6) in font rm-lmr12!
Missing character: There is no 概 ("6982) in font rm-lmr12!
Missing character: There is no 率 ("7387) in font rm-lmr12!
Missing character: There is no 里 ("91CC) in font rm-lmr12!
Missing character: There is no 的 ("7684) in font rm-lmr12!
Missing character: There is no 条 ("6761) in font rm-lmr12!
Missing character: There is no 件 ("4EF6) in font rm-lmr12!
Missing character: There is no 可 ("53EF) in font rm-lmr12!
Missing character: There is no 以 ("4EE5) in font rm-lmr12!
Missing character: There is no 作 ("4F5C) in font rm-lmr12!
Missing character: There is no 逻 ("903B) in font rm-lmr12!
Missing character: There is no 辑 ("8F91) in font rm-lmr12!
Missing character: There is no 推 ("63A8) in font rm-lmr12!
Missing character: There is no 导 ("5BFC) in font rm-lmr12!
Missing character: There is no 状 ("72B6) in font rm-lmr12!
Missing character: There is no 态 ("6001) in font rm-lmr12!
Missing character: There is no 方 ("65B9) in font rm-lmr12!
Missing character: There is no 程 ("7A0B) in font rm-lmr12!
Missing character: There is no 与 ("4E0E) in font rm-lmr12!
Missing character: There is no 相 ("76F8) in font rm-lmr12!
Missing character: There is no 互 ("4E92) in font rm-lmr12!
Missing character: There is no 独 ("72EC) in font rm-lmr12!
Missing character: There is no 立 ("7ACB) in font rm-lmr12!
Missing character: There is no 类 ("7C7B) in font rm-lmr12!
Missing character: There is no 似 ("4F3C) in font rm-lmr12!
Missing character: There is no 二 ("4E8C) in font rm-lmr12!
Missing character: There is no 维 ("7EF4) in font rm-lmr12!
Missing character: There is no 连 ("8FDE) in font rm-lmr12!
Missing character: There is no 续 ("7EED) in font rm-lmr12!
Missing character: There is no 型 ("578B) in font rm-lmr12!
Missing character: There is no 随 ("968F) in font rm-lmr12!
Missing character: There is no 机 ("673A) in font rm-lmr12!
Missing character: There is no 变 ("53D8) in font rm-lmr12!
Missing character: There is no 量 ("91CF) in font rm-lmr12!
Missing character: There is no 贝 ("8D1D) in font rm-lmr12!
Missing character: There is no 叶 ("53F6) in font rm-lmr12!
Missing character: There is no 斯 ("65AF) in font rm-lmr12!
Missing character: There is no 公 ("516C) in font rm-lmr12!
Missing character: There is no 式 ("5F0F) in font rm-lmr12!
Missing character: There is no 的 ("7684) in font rm-lmr12!
Missing character: There is no 推 ("63A8) in font rm-lmr12!
Missing character: There is no 导 ("5BFC) in font rm-lmr12!
Missing character: There is no 过 ("8FC7) in font rm-lmr12!
Missing character: There is no 程 ("7A0B) in font rm-lmr12!
Missing character: There is no ， ("FF0C) in font rm-lmr12!
Missing character: There is no 将 ("5C06) in font rm-lmr12!
Missing character: There is no 点 ("70B9) in font rm-lmr12!
Missing character: There is no 概 ("6982) in font rm-lmr12!
Missing character: There is no 率 ("7387) in font rm-lmr12!
Missing character: There is no 化 ("5316) in font rm-lmr12!
Missing character: There is no 为 ("4E3A) in font rm-lmr12!
Missing character: There is no 概 ("6982) in font rm-lmr12!
Missing character: There is no 率 ("7387) in font rm-lmr12!
Missing character: There is no 密 ("5BC6) in font rm-lmr12!
Missing character: There is no 度 ("5EA6) in font rm-lmr12!
Missing character: There is no 与 ("4E0E) in font rm-lmr12!
Missing character: There is no 无 ("65E0) in font rm-lmr12!
Missing character: There is no 穷 ("7A77) in font rm-lmr12!
Missing character: There is no 小 ("5C0F) in font rm-lmr12!
Missing character: There is no 的 ("7684) in font rm-lmr12!
Missing character: There is no 乘 ("4E58) in font rm-lmr12!
Missing character: There is no 积 ("79EF) in font rm-lmr12!
Missing character: There is no 积 ("79EF) in font rm-lmr12!
Missing character: There is no 分 ("5206) in font rm-lmr12!
Missing character: There is no 定 ("5B9A) in font rm-lmr12!
Missing character: There is no 义 ("4E49) in font rm-lmr12!
Missing character: There is no 积 ("79EF) in font rm-lmr12!
Missing character: There is no 分 ("5206) in font rm-lmr12!
Missing character: There is no 定 ("5B9A) in font rm-lmr12!
Missing character: There is no 义 ("4E49) in font rm-lmr12!
Missing character: There is no 替 ("66FF) in font rm-lmr12!
Missing character: There is no 换 ("6362) in font rm-lmr12!
Missing character: There is no 自 ("81EA) in font rm-lmr12!
Missing character: There is no 变 ("53D8) in font rm-lmr12!
Missing character: There is no 量 ("91CF) in font rm-lmr12!
Missing character: There is no 符 ("7B26) in font rm-lmr12!
Missing character: There is no 号 ("53F7) in font rm-lmr12!
Missing character: There is no 为 ("4E3A) in font rm-lmr12!
[14]
Overfull \hbox (174.95647pt too wide) detected at line 504
[][][][][]
 []

[15]
Overfull \hbox (87.16441pt too wide) detected at line 532
[][][][][]
 []

[16] [17] [18] [19]
Overfull \hbox (31.05618pt too wide) detected at line 657
[][]
 []

[20]
Missing character: There is no ， ("FF0C) in font rm-lmr12!
File: image/11.jpg Graphic file (type bmp)
<image/11.jpg>
File: image/12.jpg Graphic file (type bmp)
<image/12.jpg>
[21]
File: image/13.jpg Graphic file (type bmp)
<image/13.jpg>
 [22]
File: image/14.jpg Graphic file (type bmp)
<image/14.jpg>
File: image/15.jpg Graphic file (type bmp)
<image/15.jpg>
 [23]
File: image/16.jpg Graphic file (type bmp)
<image/16.jpg>

Overfull \hbox (36.79134pt too wide) in paragraph at lines 776--777
 [][] 
 []

[24] [25] [26] [27] (./template_Article.aux)
Package rerunfilecheck Info: File `template_Article.out' has not changed.
(rerunfilecheck)             Checksum: 16AED4787375D7EEEE375C1BA69B75F8;2477.
 ) 
Here is how much of TeX's memory you used:
 17709 strings out of 476683
 388989 string characters out of 5807575
 1922012 words of memory out of 5000000
 37653 multiletter control sequences out of 15000+600000
 569789 words of font info for 99 fonts, out of 8000000 for 9000
 1348 hyphenation exceptions out of 8191
 89i,11n,97p,1365b,1738s stack positions out of 10000i,1000n,20000p,200000b,200000s

Output written on template_Article.xdv (27 pages, 209628 bytes).
