\BOOKMARK [1][-]{section.1}{\376\377\116\000\202\054\156\344\154\342\126\150}{}% 1
\BOOKMARK [2][-]{subsection.1.1}{\376\377\226\120\136\105\156\344\154\342\154\325}{section.1}% 2
\BOOKMARK [2][-]{subsection.1.2}{\376\377\116\055\117\115\120\074\156\344\154\342\154\325}{section.1}% 3
\BOOKMARK [2][-]{subsection.1.3}{\376\377\173\227\147\057\136\163\127\107\156\344\154\342\154\325}{section.1}% 4
\BOOKMARK [2][-]{subsection.1.4}{\376\377\155\210\142\226\156\344\154\342\154\325}{section.1}% 5
\BOOKMARK [1][-]{section.2}{\376\377\215\035\123\366\145\257\156\344\154\342}{}% 6
\BOOKMARK [2][-]{subsection.2.1}{\376\377\151\202\163\207\137\200\116\213}{section.2}% 7
\BOOKMARK [3][-]{subsubsection.2.1.1}{\376\377\226\217\147\072\123\330\221\317}{subsection.2.1}% 8
\BOOKMARK [3][-]{subsubsection.2.1.2}{\376\377\200\124\124\010\151\202\163\207}{subsection.2.1}% 9
\BOOKMARK [3][-]{subsubsection.2.1.3}{\376\377\217\271\177\030\151\202\163\207}{subsection.2.1}% 10
\BOOKMARK [3][-]{subsubsection.2.1.4}{\376\377\147\141\116\366\151\202\163\207}{subsection.2.1}% 11
\BOOKMARK [3][-]{subsubsection.2.1.5}{\376\377\121\150\151\202\163\207}{subsection.2.1}% 12
\BOOKMARK [3][-]{subsubsection.2.1.6}{\376\377\226\217\147\072\217\307\172\013}{subsection.2.1}% 13
\BOOKMARK [2][-]{subsection.2.2}{\376\377\215\035\123\366\145\257\121\154\137\017}{section.2}% 14
\BOOKMARK [3][-]{subsubsection.2.2.1}{\376\377\121\110\232\214\151\202\163\207\060\001\117\074\161\066\151\202\163\207\116\016\124\016\232\214\151\202\163\207}{subsection.2.2}% 15
\BOOKMARK [3][-]{subsubsection.2.2.2}{\376\377\117\074\161\066\151\202\163\207}{subsection.2.2}% 16
\BOOKMARK [3][-]{subsubsection.2.2.3}{\376\377\215\035\123\366\145\257\156\344\154\342\143\250\133\374}{subsection.2.2}% 17
\BOOKMARK [1][-]{section.3}{\376\377\232\330\145\257\156\344\154\342}{}% 18
\BOOKMARK [2][-]{subsection.3.1}{\376\377\123\141\134\024\146\374\156\344\154\342}{section.3}% 19
\BOOKMARK [3][-]{subsubsection.3.1.1}{\376\377\123\141\134\024\146\374\156\344\154\342\166\204\120\107\213\276}{subsection.3.1}% 20
\BOOKMARK [3][-]{subsubsection.3.1.2}{\376\377\167\351\226\065\137\142\137\017\166\204\123\141\134\024\146\374\156\344\154\342}{subsection.3.1}% 21
\BOOKMARK [3][-]{subsubsection.3.1.3}{\376\377\133\236\142\030\121\231\123\141\134\024\146\374\156\344\154\342\126\150}{subsection.3.1}% 22
\BOOKMARK [3][-]{subsubsection.3.1.4}{\376\377\142\151\134\125\123\141\134\024\146\374\156\344\154\342}{subsection.3.1}% 23
