\BOOKMARK [1][-]{section.1}{\376\377\133\130\120\250\174\373\176\337}{}% 1
\BOOKMARK [2][-]{subsection.1.1}{\376\377\152\041\127\213\123\072}{section.1}% 2
\BOOKMARK [2][-]{subsection.1.2}{\376\377\145\207\116\366\174\373\176\337\123\072}{section.1}% 3
\BOOKMARK [2][-]{subsection.1.3}{\376\377\137\000\147\072\201\352\124\057\122\250\201\032\147\054}{section.1}% 4
\BOOKMARK [1][-]{section.2}{\376\377\122\237\200\375}{}% 5
\BOOKMARK [2][-]{subsection.2.1}{\376\377\000C\000P\000U\000/\000R\000A\000M}{section.2}% 6
\BOOKMARK [2][-]{subsection.2.2}{\376\377\121\205\133\130\173\241\164\006}{section.2}% 7
\BOOKMARK [1][-]{section.3}{\376\377\162\107\116\012\131\026\213\276}{}% 8
\BOOKMARK [2][-]{subsection.3.1}{\376\377\000G\000P\000I\000O}{section.3}% 9
\BOOKMARK [3][-]{subsubsection.3.1.1}{\376\377\147\204\220\040\121\375\145\160}{subsection.3.1}% 10
\BOOKMARK [3][-]{subsubsection.3.1.2}{\376\377\145\271\154\325}{subsection.3.1}% 11
\BOOKMARK [2][-]{subsection.3.2}{\376\377\000I\0002\000C}{section.3}% 12
\BOOKMARK [3][-]{subsubsection.3.2.1}{\376\377\145\271\154\325}{subsection.3.2}% 13
\BOOKMARK [2][-]{subsection.3.3}{\376\377\000m\000a\000c\000h\000i\000n\000e\000.\000S\000P\000I}{section.3}% 14
\BOOKMARK [2][-]{subsection.3.4}{\376\377\000m\000a\000c\000h\000i\000n\000e\000.\000P\000W\000M}{section.3}% 15
\BOOKMARK [3][-]{subsubsection.3.4.1}{\376\377\145\271\154\325}{subsection.3.4}% 16
\BOOKMARK [2][-]{subsection.3.5}{\376\377\000m\000a\000c\000h\000i\000n\000e\000.\000T\000i\000m\000e\000r}{section.3}% 17
\BOOKMARK [3][-]{subsubsection.3.5.1}{\376\377\145\271\154\325}{subsection.3.5}% 18
\BOOKMARK [2][-]{subsection.3.6}{\376\377\000m\000a\000c\000h\000i\000n\000e\000.\000U\000A\000R\000T}{section.3}% 19
\BOOKMARK [2][-]{subsection.3.7}{\376\377\000m\000a\000c\000h\000i\000n\000e\000.\000W\000D\000T}{section.3}% 20
\BOOKMARK [3][-]{subsubsection.3.7.1}{\376\377\145\271\154\325}{subsection.3.7}% 21
\BOOKMARK [1][-]{section.4}{\376\377\000M\000a\000i\000x\136\223}{}% 22
\BOOKMARK [2][-]{subsection.4.1}{\376\377\000F\000P\000I\000O\000A\163\260\127\072\123\357\177\026\172\013\000\040\000I\000O\000\040\226\065\122\027\377\014\000\040\000F\000i\000e\000l\000d\000\040\000P\000r\000o\000g\000r\000a\000m\000m\000a\000b\000l\000e\000\040\000I\000n\000p\000u\000t\000\040\000a\000n\000d\000\040\000O\000u\000t\000p\000u\000t\000\040\000A\000r\000r\000a\000y}{section.4}% 23
\BOOKMARK [3][-]{subsubsection.4.1.1}{\376\377\145\271\154\325}{subsection.4.1}% 24
\BOOKMARK [1][-]{section.5}{\376\377\000h\000e\000l\000p\000e\000r}{}% 25
\BOOKMARK [2][-]{subsection.5.1}{\376\377\000f\000p\000i\000o\000a\000\137\000m\000a\000n\000a\000g\000e\000r}{section.5}% 26
\BOOKMARK [2][-]{subsection.5.2}{\376\377\000B\000o\000a\000r\000d}{section.5}% 27
\BOOKMARK [2][-]{subsection.5.3}{\376\377\000M\000i\000c\000r\000o\000p\000y\000t\000h\000o\000n\000\040\000E\000d\000i\000t\000o\000r}{section.5}% 28
\BOOKMARK [1][-]{section.6}{\376\377\000M\000e\000d\000i\000a\215\104\156\220}{}% 29
\BOOKMARK [2][-]{subsection.6.1}{\376\377\000l\000c\000d}{section.6}% 30
\BOOKMARK [2][-]{subsection.6.2}{\376\377\000s\000e\000n\000s\000o\000r}{section.6}% 31
